Performing C++ SOURCE FILE Test MULTIPASS_TEST_1_petsc_works_minimal failed with the following output:
Change Dir: /Users/huyvo/Codes/Projects/Computing/StMcmcCme/cme/pacmensl/build/CMakeFiles/CMakeTmp

Run Build Command(s):/usr/bin/make cmTC_15df0/fast 
/Applications/Xcode.app/Contents/Developer/usr/bin/make -f CMakeFiles/cmTC_15df0.dir/build.make CMakeFiles/cmTC_15df0.dir/build
Building CXX object CMakeFiles/cmTC_15df0.dir/src.cxx.o
/Applications/Xcode.app/Contents/Developer/Toolchains/XcodeDefault.xctoolchain/usr/bin/c++   -I/usr/local/petsc/include  -std=c++11 -DMULTIPASS_TEST_1_petsc_works_minimal -isysroot /Applications/Xcode.app/Contents/Developer/Platforms/MacOSX.platform/Developer/SDKs/MacOSX10.15.sdk -fPIE   -o CMakeFiles/cmTC_15df0.dir/src.cxx.o -c /Users/huyvo/Codes/Projects/Computing/StMcmcCme/cme/pacmensl/build/CMakeFiles/CMakeTmp/src.cxx
Linking CXX executable cmTC_15df0
/Applications/CMake.app/Contents/bin/cmake -E cmake_link_script CMakeFiles/cmTC_15df0.dir/link.txt --verbose=1
/Applications/Xcode.app/Contents/Developer/Toolchains/XcodeDefault.xctoolchain/usr/bin/c++  -std=c++11 -DMULTIPASS_TEST_1_petsc_works_minimal -isysroot /Applications/Xcode.app/Contents/Developer/Platforms/MacOSX.platform/Developer/SDKs/MacOSX10.15.sdk -Wl,-search_paths_first -Wl,-headerpad_max_install_names   CMakeFiles/cmTC_15df0.dir/src.cxx.o  -o cmTC_15df0 /usr/local/petsc/lib/libpetsc.dylib 
Undefined symbols for architecture x86_64:
  "_ompi_mpi_comm_self", referenced from:
      _main in src.cxx.o
ld: symbol(s) not found for architecture x86_64
clang: error: linker command failed with exit code 1 (use -v to see invocation)
make[1]: *** [cmTC_15df0] Error 1
make: *** [cmTC_15df0/fast] Error 2

...and run output:

Return value: 1
Source file was:

static const char help[] = "PETSc test program.";
#include <petscts.h>
int main(int argc,char *argv[]) {
  PetscErrorCode ierr;
  TS ts;
  ierr = PetscInitialize(&argc,&argv,0,help);CHKERRQ(ierr);
  ierr = TSCreate(PETSC_COMM_WORLD,&ts);CHKERRQ(ierr);
  ierr = TSSetFromOptions(ts);CHKERRQ(ierr);
  ierr = TSDestroy(&ts);CHKERRQ(ierr);
  ierr = PetscFinalize();CHKERRQ(ierr);
  return 0;
}

Performing C++ SOURCE FILE Test MULTIPASS_TEST_2_petsc_works_allincludes failed with the following output:
Change Dir: /Users/huyvo/Codes/Projects/Computing/StMcmcCme/cme/pacmensl/build/CMakeFiles/CMakeTmp

Run Build Command(s):/usr/bin/make cmTC_fd0b5/fast 
/Applications/Xcode.app/Contents/Developer/usr/bin/make -f CMakeFiles/cmTC_fd0b5.dir/build.make CMakeFiles/cmTC_fd0b5.dir/build
Building CXX object CMakeFiles/cmTC_fd0b5.dir/src.cxx.o
/Applications/Xcode.app/Contents/Developer/Toolchains/XcodeDefault.xctoolchain/usr/bin/c++   -I/usr/local/petsc/include -I/opt/X11/include  -std=c++11 -DMULTIPASS_TEST_2_petsc_works_allincludes -isysroot /Applications/Xcode.app/Contents/Developer/Platforms/MacOSX.platform/Developer/SDKs/MacOSX10.15.sdk -fPIE   -o CMakeFiles/cmTC_fd0b5.dir/src.cxx.o -c /Users/huyvo/Codes/Projects/Computing/StMcmcCme/cme/pacmensl/build/CMakeFiles/CMakeTmp/src.cxx
Linking CXX executable cmTC_fd0b5
/Applications/CMake.app/Contents/bin/cmake -E cmake_link_script CMakeFiles/cmTC_fd0b5.dir/link.txt --verbose=1
/Applications/Xcode.app/Contents/Developer/Toolchains/XcodeDefault.xctoolchain/usr/bin/c++  -std=c++11 -DMULTIPASS_TEST_2_petsc_works_allincludes -isysroot /Applications/Xcode.app/Contents/Developer/Platforms/MacOSX.platform/Developer/SDKs/MacOSX10.15.sdk -Wl,-search_paths_first -Wl,-headerpad_max_install_names   CMakeFiles/cmTC_fd0b5.dir/src.cxx.o  -o cmTC_fd0b5 /usr/local/petsc/lib/libpetsc.dylib 
Undefined symbols for architecture x86_64:
  "_ompi_mpi_comm_self", referenced from:
      _main in src.cxx.o
ld: symbol(s) not found for architecture x86_64
clang: error: linker command failed with exit code 1 (use -v to see invocation)
make[1]: *** [cmTC_fd0b5] Error 1
make: *** [cmTC_fd0b5/fast] Error 2

...and run output:

Return value: 1
Source file was:

static const char help[] = "PETSc test program.";
#include <petscts.h>
int main(int argc,char *argv[]) {
  PetscErrorCode ierr;
  TS ts;
  ierr = PetscInitialize(&argc,&argv,0,help);CHKERRQ(ierr);
  ierr = TSCreate(PETSC_COMM_WORLD,&ts);CHKERRQ(ierr);
  ierr = TSSetFromOptions(ts);CHKERRQ(ierr);
  ierr = TSDestroy(&ts);CHKERRQ(ierr);
  ierr = PetscFinalize();CHKERRQ(ierr);
  return 0;
}

